Mon Oct 14 15:43:35 2024 - INFO  - start to run testcase:oe_test_FSIO_act_alias.
Mon Oct 14 15:43:41 2024 - INFO  - The case exit by code 0.
Mon Oct 14 15:43:41 2024 - INFO  - End to run testcase:oe_test_FSIO_act_alias.
Mon Oct 14 15:43:41 2024 - INFO  - A total of 1 use cases were executed, with 1 successes and 0 failures.
Mon Oct 14 15:43:42 2024 - INFO  - start to run testcase:oe_test_FSIO_act_file_lack_inode.
Mon Oct 14 15:43:50 2024 - ERROR - The case exit by code 6.
Mon Oct 14 15:43:50 2024 - INFO  - End to run testcase:oe_test_FSIO_act_file_lack_inode.
Mon Oct 14 15:43:50 2024 - INFO  - A total of 1 use cases were executed, with 0 successes and 1 failures.
Mon Oct 14 15:43:51 2024 - INFO  - start to run testcase:oe_test_FSIO_act_hardlink.
Mon Oct 14 15:43:55 2024 - INFO  - The case exit by code 0.
Mon Oct 14 15:43:55 2024 - INFO  - End to run testcase:oe_test_FSIO_act_hardlink.
Mon Oct 14 15:43:55 2024 - INFO  - A total of 1 use cases were executed, with 1 successes and 0 failures.
Mon Oct 14 15:43:56 2024 - INFO  - start to run testcase:oe_test_FSIO_bzip2.
Mon Oct 14 15:44:00 2024 - INFO  - The case exit by code 0.
Mon Oct 14 15:44:01 2024 - INFO  - End to run testcase:oe_test_FSIO_bzip2.
Mon Oct 14 15:44:01 2024 - INFO  - A total of 1 use cases were executed, with 1 successes and 0 failures.
Mon Oct 14 15:44:02 2024 - INFO  - start to run testcase:oe_test_FSIO_change_proc.
Mon Oct 14 15:44:06 2024 - INFO  - The case exit by code 0.
Mon Oct 14 15:44:06 2024 - INFO  - End to run testcase:oe_test_FSIO_change_proc.
Mon Oct 14 15:44:06 2024 - INFO  - A total of 1 use cases were executed, with 1 successes and 0 failures.
Mon Oct 14 15:44:07 2024 - INFO  - start to run testcase:oe_test_FSIO_chattr.
Mon Oct 14 15:44:10 2024 - INFO  - The case exit by code 0.
Mon Oct 14 15:44:11 2024 - INFO  - End to run testcase:oe_test_FSIO_chattr.
Mon Oct 14 15:44:11 2024 - INFO  - A total of 1 use cases were executed, with 1 successes and 0 failures.
Mon Oct 14 15:44:12 2024 - INFO  - start to run testcase:oe_test_FSIO_check_alias.
Mon Oct 14 15:44:15 2024 - INFO  - The case exit by code 0.
Mon Oct 14 15:44:15 2024 - INFO  - End to run testcase:oe_test_FSIO_check_alias.
Mon Oct 14 15:44:15 2024 - INFO  - A total of 1 use cases were executed, with 1 successes and 0 failures.
Mon Oct 14 15:44:16 2024 - INFO  - start to run testcase:oe_test_FSIO_check_block.
Mon Oct 14 15:44:20 2024 - INFO  - The case exit by code 0.
Mon Oct 14 15:44:20 2024 - INFO  - End to run testcase:oe_test_FSIO_check_block.
Mon Oct 14 15:44:20 2024 - INFO  - A total of 1 use cases were executed, with 1 successes and 0 failures.
Mon Oct 14 15:44:21 2024 - INFO  - start to run testcase:oe_test_FSIO_check_file_info.
Mon Oct 14 15:44:25 2024 - INFO  - The case exit by code 0.
Mon Oct 14 15:44:26 2024 - INFO  - End to run testcase:oe_test_FSIO_check_file_info.
Mon Oct 14 15:44:26 2024 - INFO  - A total of 1 use cases were executed, with 1 successes and 0 failures.
Mon Oct 14 15:44:26 2024 - INFO  - start to run testcase:oe_test_FSIO_chmod.
Mon Oct 14 15:44:31 2024 - INFO  - The case exit by code 0.
Mon Oct 14 15:44:31 2024 - INFO  - End to run testcase:oe_test_FSIO_chmod.
Mon Oct 14 15:44:31 2024 - INFO  - A total of 1 use cases were executed, with 1 successes and 0 failures.
Mon Oct 14 15:44:32 2024 - INFO  - start to run testcase:oe_test_FSIO_chown.
Mon Oct 14 15:44:36 2024 - INFO  - The case exit by code 0.
Mon Oct 14 15:44:36 2024 - INFO  - End to run testcase:oe_test_FSIO_chown.
Mon Oct 14 15:44:36 2024 - INFO  - A total of 1 use cases were executed, with 1 successes and 0 failures.
Mon Oct 14 15:44:37 2024 - INFO  - start to run testcase:oe_test_FSIO_concurrency_read_file.
Mon Oct 14 15:46:36 2024 - INFO  - The case exit by code 0.
Mon Oct 14 15:46:36 2024 - INFO  - End to run testcase:oe_test_FSIO_concurrency_read_file.
Mon Oct 14 15:46:36 2024 - INFO  - A total of 1 use cases were executed, with 1 successes and 0 failures.
Mon Oct 14 15:46:37 2024 - INFO  - start to run testcase:oe_test_FSIO_concurrency_write_file.
Mon Oct 14 15:48:00 2024 - INFO  - The case exit by code 0.
Mon Oct 14 15:48:01 2024 - INFO  - End to run testcase:oe_test_FSIO_concurrency_write_file.
Mon Oct 14 15:48:01 2024 - INFO  - A total of 1 use cases were executed, with 1 successes and 0 failures.
Mon Oct 14 15:48:02 2024 - INFO  - start to run testcase:oe_test_FSIO_cp_file.
Mon Oct 14 15:48:06 2024 - INFO  - The case exit by code 0.
Mon Oct 14 15:48:06 2024 - INFO  - End to run testcase:oe_test_FSIO_cp_file.
Mon Oct 14 15:48:07 2024 - INFO  - A total of 1 use cases were executed, with 1 successes and 0 failures.
Mon Oct 14 15:48:07 2024 - INFO  - start to run testcase:oe_test_FSIO_create_block.
Mon Oct 14 15:48:12 2024 - INFO  - The case exit by code 0.
Mon Oct 14 15:48:12 2024 - INFO  - End to run testcase:oe_test_FSIO_create_block.
Mon Oct 14 15:48:13 2024 - INFO  - A total of 1 use cases were executed, with 1 successes and 0 failures.
Mon Oct 14 15:48:13 2024 - INFO  - start to run testcase:oe_test_FSIO_create_character.
Mon Oct 14 15:48:18 2024 - INFO  - The case exit by code 0.
Mon Oct 14 15:48:18 2024 - INFO  - End to run testcase:oe_test_FSIO_create_character.
Mon Oct 14 15:48:18 2024 - INFO  - A total of 1 use cases were executed, with 1 successes and 0 failures.
Mon Oct 14 15:48:19 2024 - INFO  - start to run testcase:oe_test_FSIO_create_file.
Mon Oct 14 15:48:24 2024 - INFO  - The case exit by code 0.
Mon Oct 14 15:48:24 2024 - INFO  - End to run testcase:oe_test_FSIO_create_file.
Mon Oct 14 15:48:24 2024 - INFO  - A total of 1 use cases were executed, with 1 successes and 0 failures.
Mon Oct 14 15:48:25 2024 - INFO  - start to run testcase:oe_test_FSIO_create_hardlink_fail.
Mon Oct 14 15:48:30 2024 - ERROR - The case exit by code 1.
Mon Oct 14 15:48:30 2024 - INFO  - End to run testcase:oe_test_FSIO_create_hardlink_fail.
Mon Oct 14 15:48:30 2024 - INFO  - A total of 1 use cases were executed, with 0 successes and 1 failures.
Mon Oct 14 15:48:31 2024 - INFO  - start to run testcase:oe_test_FSIO_create_mv_hardlink.
Mon Oct 14 15:48:36 2024 - INFO  - The case exit by code 0.
Mon Oct 14 15:48:36 2024 - INFO  - End to run testcase:oe_test_FSIO_create_mv_hardlink.
Mon Oct 14 15:48:36 2024 - INFO  - A total of 1 use cases were executed, with 1 successes and 0 failures.
Mon Oct 14 15:48:37 2024 - INFO  - start to run testcase:oe_test_FSIO_create_softlink.
Mon Oct 14 15:48:41 2024 - INFO  - The case exit by code 0.
Mon Oct 14 15:48:41 2024 - INFO  - End to run testcase:oe_test_FSIO_create_softlink.
Mon Oct 14 15:48:41 2024 - INFO  - A total of 1 use cases were executed, with 1 successes and 0 failures.
Mon Oct 14 15:48:42 2024 - INFO  - start to run testcase:oe_test_FSIO_create_softlink_diff_fs.
Mon Oct 14 15:48:47 2024 - ERROR - The case exit by code 2.
Mon Oct 14 15:48:47 2024 - INFO  - End to run testcase:oe_test_FSIO_create_softlink_diff_fs.
Mon Oct 14 15:48:47 2024 - INFO  - A total of 1 use cases were executed, with 0 successes and 1 failures.
Mon Oct 14 15:48:48 2024 - INFO  - start to run testcase:oe_test_FSIO_create_softlink_dir.
Mon Oct 14 15:48:53 2024 - ERROR - The case exit by code 1.
Mon Oct 14 15:48:53 2024 - INFO  - End to run testcase:oe_test_FSIO_create_softlink_dir.
Mon Oct 14 15:48:53 2024 - INFO  - A total of 1 use cases were executed, with 0 successes and 1 failures.
Mon Oct 14 15:48:54 2024 - INFO  - start to run testcase:oe_test_FSIO_create_softlink_file.
Mon Oct 14 15:48:58 2024 - INFO  - The case exit by code 0.
Mon Oct 14 15:48:58 2024 - INFO  - End to run testcase:oe_test_FSIO_create_softlink_file.
Mon Oct 14 15:48:58 2024 - INFO  - A total of 1 use cases were executed, with 1 successes and 0 failures.
Mon Oct 14 15:48:59 2024 - INFO  - start to run testcase:oe_test_FSIO_dd_file.
Mon Oct 14 15:49:03 2024 - INFO  - The case exit by code 0.
Mon Oct 14 15:49:04 2024 - INFO  - End to run testcase:oe_test_FSIO_dd_file.
Mon Oct 14 15:49:04 2024 - INFO  - A total of 1 use cases were executed, with 1 successes and 0 failures.
Mon Oct 14 15:49:04 2024 - INFO  - start to run testcase:oe_test_FSIO_filefrag.
Mon Oct 14 15:49:10 2024 - ERROR - The case exit by code 2.
Mon Oct 14 15:49:10 2024 - INFO  - End to run testcase:oe_test_FSIO_filefrag.
Mon Oct 14 15:49:10 2024 - INFO  - A total of 1 use cases were executed, with 0 successes and 1 failures.
Mon Oct 14 15:49:11 2024 - INFO  - start to run testcase:oe_test_FSIO_gzip.
Mon Oct 14 15:49:16 2024 - INFO  - The case exit by code 0.
Mon Oct 14 15:49:16 2024 - INFO  - End to run testcase:oe_test_FSIO_gzip.
Mon Oct 14 15:49:16 2024 - INFO  - A total of 1 use cases were executed, with 1 successes and 0 failures.
Mon Oct 14 15:49:17 2024 - INFO  - start to run testcase:oe_test_FSIO_gzip_overfs.
pgrep: pattern that searches for process name longer than 15 characters will result in zero matches
Try `pgrep -f' option to match against the complete command line.
Mon Oct 14 16:19:17 2024 - WARN  - The case execution timeout.
Mon Oct 14 16:19:17 2024 - ERROR - The case exit by code 143.
Mon Oct 14 16:19:18 2024 - INFO  - End to run testcase:oe_test_FSIO_gzip_overfs.
Mon Oct 14 16:19:18 2024 - INFO  - A total of 1 use cases were executed, with 0 successes and 1 failures.
Mon Oct 14 16:19:19 2024 - INFO  - start to run testcase:oe_test_FSIO_modify_file.
Mon Oct 14 16:19:24 2024 - ERROR - The case exit by code 2.
Mon Oct 14 16:19:24 2024 - INFO  - End to run testcase:oe_test_FSIO_modify_file.
Mon Oct 14 16:19:24 2024 - INFO  - A total of 1 use cases were executed, with 0 successes and 1 failures.
Mon Oct 14 16:19:25 2024 - INFO  - start to run testcase:oe_test_FSIO_modify_magicfile.
Mon Oct 14 16:19:29 2024 - INFO  - The case exit by code 0.
Mon Oct 14 16:19:29 2024 - INFO  - End to run testcase:oe_test_FSIO_modify_magicfile.
Mon Oct 14 16:19:29 2024 - INFO  - A total of 1 use cases were executed, with 1 successes and 0 failures.
Mon Oct 14 16:19:30 2024 - INFO  - start to run testcase:oe_test_FSIO_mv_file_1.
Mon Oct 14 16:19:35 2024 - INFO  - The case exit by code 0.
Mon Oct 14 16:19:35 2024 - INFO  - End to run testcase:oe_test_FSIO_mv_file_1.
Mon Oct 14 16:19:35 2024 - INFO  - A total of 1 use cases were executed, with 1 successes and 0 failures.
Mon Oct 14 16:19:36 2024 - INFO  - start to run testcase:oe_test_FSIO_mv_file_2.
Mon Oct 14 16:19:41 2024 - INFO  - The case exit by code 0.
Mon Oct 14 16:19:41 2024 - INFO  - End to run testcase:oe_test_FSIO_mv_file_2.
Mon Oct 14 16:19:41 2024 - INFO  - A total of 1 use cases were executed, with 1 successes and 0 failures.
Mon Oct 14 16:19:42 2024 - INFO  - start to run testcase:oe_test_FSIO_rename_file.
Mon Oct 14 16:19:46 2024 - INFO  - The case exit by code 0.
Mon Oct 14 16:19:47 2024 - INFO  - End to run testcase:oe_test_FSIO_rename_file.
Mon Oct 14 16:19:47 2024 - INFO  - A total of 1 use cases were executed, with 1 successes and 0 failures.
Mon Oct 14 16:19:47 2024 - INFO  - start to run testcase:oe_test_FSIO_rename_file_fail.
Mon Oct 14 16:19:53 2024 - ERROR - The case exit by code 4.
Mon Oct 14 16:19:54 2024 - INFO  - End to run testcase:oe_test_FSIO_rename_file_fail.
Mon Oct 14 16:19:54 2024 - INFO  - A total of 1 use cases were executed, with 0 successes and 1 failures.
Mon Oct 14 16:19:55 2024 - INFO  - start to run testcase:oe_test_FSIO_rm_file.
Mon Oct 14 16:19:59 2024 - ERROR - The case exit by code 1.
Mon Oct 14 16:19:59 2024 - INFO  - End to run testcase:oe_test_FSIO_rm_file.
Mon Oct 14 16:19:59 2024 - INFO  - A total of 1 use cases were executed, with 0 successes and 1 failures.
Mon Oct 14 16:20:00 2024 - INFO  - start to run testcase:oe_test_FSIO_rm_hardlink.
Mon Oct 14 16:20:04 2024 - INFO  - The case exit by code 0.
Mon Oct 14 16:20:04 2024 - INFO  - End to run testcase:oe_test_FSIO_rm_hardlink.
Mon Oct 14 16:20:04 2024 - INFO  - A total of 1 use cases were executed, with 1 successes and 0 failures.
Mon Oct 14 16:20:05 2024 - INFO  - start to run testcase:oe_test_FSIO_rm_softlink.
Mon Oct 14 16:20:09 2024 - INFO  - The case exit by code 0.
Mon Oct 14 16:20:09 2024 - INFO  - End to run testcase:oe_test_FSIO_rm_softlink.
Mon Oct 14 16:20:09 2024 - INFO  - A total of 1 use cases were executed, with 1 successes and 0 failures.
Mon Oct 14 16:20:10 2024 - INFO  - start to run testcase:oe_test_FSIO_sys_fs_check.
Mon Oct 14 16:20:15 2024 - ERROR - The case exit by code 2.
Mon Oct 14 16:20:15 2024 - INFO  - End to run testcase:oe_test_FSIO_sys_fs_check.
Mon Oct 14 16:20:15 2024 - INFO  - A total of 1 use cases were executed, with 0 successes and 1 failures.
Mon Oct 14 16:20:16 2024 - INFO  - start to run testcase:oe_test_FSIO_tar.
Mon Oct 14 16:20:26 2024 - INFO  - The case exit by code 0.
Mon Oct 14 16:20:26 2024 - INFO  - End to run testcase:oe_test_FSIO_tar.
Mon Oct 14 16:20:26 2024 - INFO  - A total of 1 use cases were executed, with 1 successes and 0 failures.
Mon Oct 14 16:20:27 2024 - INFO  - start to run testcase:oe_test_FSIO_touch_file.
Mon Oct 14 16:20:31 2024 - INFO  - The case exit by code 0.
Mon Oct 14 16:20:31 2024 - INFO  - End to run testcase:oe_test_FSIO_touch_file.
Mon Oct 14 16:20:31 2024 - INFO  - A total of 1 use cases were executed, with 1 successes and 0 failures.
Mon Oct 14 16:20:32 2024 - INFO  - start to run testcase:oe_test_FSIO_zip_unzip.
Mon Oct 14 16:20:37 2024 - INFO  - The case exit by code 0.
Mon Oct 14 16:20:37 2024 - INFO  - End to run testcase:oe_test_FSIO_zip_unzip.
Mon Oct 14 16:20:37 2024 - INFO  - A total of 1 use cases were executed, with 1 successes and 0 failures.
Mon Oct 14 16:20:38 2024 - INFO  - start to run testcase:oe_test_FSIO_zip_unzip_overfs.
Mon Oct 14 16:20:43 2024 - ERROR - The case exit by code 2.
Mon Oct 14 16:20:43 2024 - INFO  - End to run testcase:oe_test_FSIO_zip_unzip_overfs.
Mon Oct 14 16:20:44 2024 - INFO  - A total of 1 use cases were executed, with 0 successes and 1 failures.
Mon Oct 14 16:20:44 2024 - INFO  - start to run testcase:oe_test_service_ModemManager.
Mon Oct 14 16:21:34 2024 - ERROR - The case exit by code 1.
Mon Oct 14 16:21:34 2024 - INFO  - End to run testcase:oe_test_service_ModemManager.
Mon Oct 14 16:21:34 2024 - INFO  - A total of 1 use cases were executed, with 0 successes and 1 failures.
Mon Oct 14 16:21:35 2024 - INFO  - start to run testcase:oe_test_service_NetworkManager-dispatcher.
Mon Oct 14 16:21:57 2024 - ERROR - The case exit by code 1.
Mon Oct 14 16:21:57 2024 - INFO  - End to run testcase:oe_test_service_NetworkManager-dispatcher.
Mon Oct 14 16:21:57 2024 - INFO  - A total of 1 use cases were executed, with 0 successes and 1 failures.
Mon Oct 14 16:21:58 2024 - INFO  - start to run testcase:oe_test_service_NetworkManager.
Mon Oct 14 16:22:23 2024 - ERROR - The case exit by code 1.
Mon Oct 14 16:22:23 2024 - INFO  - End to run testcase:oe_test_service_NetworkManager.
Mon Oct 14 16:22:23 2024 - INFO  - A total of 1 use cases were executed, with 0 successes and 1 failures.
Mon Oct 14 16:22:24 2024 - INFO  - start to run testcase:oe_test_service_NetworkManager-wait-online.
Mon Oct 14 16:22:46 2024 - ERROR - The case exit by code 1.
Mon Oct 14 16:22:46 2024 - INFO  - End to run testcase:oe_test_service_NetworkManager-wait-online.
Mon Oct 14 16:22:46 2024 - INFO  - A total of 1 use cases were executed, with 0 successes and 1 failures.
Mon Oct 14 16:22:47 2024 - INFO  - start to run testcase:oe_test_service_nm-cloud-setup.
Mon Oct 14 16:22:51 2024 - INFO  - The case exit by code 0.
Mon Oct 14 16:22:51 2024 - INFO  - End to run testcase:oe_test_service_nm-cloud-setup.
Mon Oct 14 16:22:51 2024 - INFO  - A total of 1 use cases were executed, with 1 successes and 0 failures.
Mon Oct 14 16:22:52 2024 - INFO  - start to run testcase:oe_test_service_ipmi.
Mon Oct 14 16:23:41 2024 - ERROR - The case exit by code 6.
Mon Oct 14 16:23:41 2024 - INFO  - End to run testcase:oe_test_service_ipmi.
Mon Oct 14 16:23:41 2024 - INFO  - A total of 1 use cases were executed, with 0 successes and 1 failures.
Mon Oct 14 16:23:43 2024 - INFO  - start to run testcase:oe_test_service_packagekit-offline-update.
Mon Oct 14 16:24:12 2024 - INFO  - The case exit by code 0.
Mon Oct 14 16:24:12 2024 - INFO  - End to run testcase:oe_test_service_packagekit-offline-update.
Mon Oct 14 16:24:12 2024 - INFO  - A total of 1 use cases were executed, with 1 successes and 0 failures.
Mon Oct 14 16:24:13 2024 - INFO  - start to run testcase:oe_test_service_packagekit.
Mon Oct 14 16:25:00 2024 - INFO  - The case exit by code 0.
Mon Oct 14 16:25:01 2024 - INFO  - End to run testcase:oe_test_service_packagekit.
Mon Oct 14 16:25:01 2024 - INFO  - A total of 1 use cases were executed, with 1 successes and 0 failures.
Mon Oct 14 16:25:02 2024 - INFO  - start to run testcase:oe_test_service_accounts-daemon.
Mon Oct 14 16:25:29 2024 - ERROR - The case exit by code 1.
Mon Oct 14 16:25:29 2024 - INFO  - End to run testcase:oe_test_service_accounts-daemon.
Mon Oct 14 16:25:29 2024 - INFO  - A total of 1 use cases were executed, with 0 successes and 1 failures.
Mon Oct 14 16:25:30 2024 - INFO  - start to run testcase:oe_test_acl_add_write_permissions.
Mon Oct 14 16:25:35 2024 - INFO  - The case exit by code 0.
Mon Oct 14 16:25:35 2024 - INFO  - End to run testcase:oe_test_acl_add_write_permissions.
Mon Oct 14 16:25:35 2024 - INFO  - A total of 1 use cases were executed, with 1 successes and 0 failures.
Mon Oct 14 16:25:36 2024 - INFO  - start to run testcase:oe_test_acl_change_mask.
Mon Oct 14 16:25:42 2024 - INFO  - The case exit by code 0.
Mon Oct 14 16:25:42 2024 - INFO  - End to run testcase:oe_test_acl_change_mask.
Mon Oct 14 16:25:42 2024 - INFO  - A total of 1 use cases were executed, with 1 successes and 0 failures.
Mon Oct 14 16:25:43 2024 - INFO  - start to run testcase:oe_test_acl_check_create.
Mon Oct 14 16:25:47 2024 - INFO  - The case exit by code 0.
Mon Oct 14 16:25:47 2024 - INFO  - End to run testcase:oe_test_acl_check_create.
Mon Oct 14 16:25:47 2024 - INFO  - A total of 1 use cases were executed, with 1 successes and 0 failures.
Mon Oct 14 16:25:48 2024 - INFO  - start to run testcase:oe_test_acl_defaulr_rule.
Mon Oct 14 16:25:52 2024 - INFO  - The case exit by code 0.
Mon Oct 14 16:25:53 2024 - INFO  - End to run testcase:oe_test_acl_defaulr_rule.
Mon Oct 14 16:25:53 2024 - INFO  - A total of 1 use cases were executed, with 1 successes and 0 failures.
Mon Oct 14 16:25:53 2024 - INFO  - start to run testcase:oe_test_acl_only_root_permission.
Mon Oct 14 16:26:00 2024 - INFO  - The case exit by code 0.
Mon Oct 14 16:26:01 2024 - INFO  - End to run testcase:oe_test_acl_only_root_permission.
Mon Oct 14 16:26:01 2024 - INFO  - A total of 1 use cases were executed, with 1 successes and 0 failures.
Mon Oct 14 16:26:02 2024 - INFO  - start to run testcase:oe_test_acl_chacl.
Mon Oct 14 16:26:10 2024 - INFO  - The case exit by code 0.
Mon Oct 14 16:26:10 2024 - INFO  - End to run testcase:oe_test_acl_chacl.
Mon Oct 14 16:26:10 2024 - INFO  - A total of 1 use cases were executed, with 1 successes and 0 failures.
Mon Oct 14 16:26:11 2024 - INFO  - start to run testcase:oe_test_acl_getfacl.
Mon Oct 14 16:26:20 2024 - INFO  - The case exit by code 0.
Mon Oct 14 16:26:20 2024 - INFO  - End to run testcase:oe_test_acl_getfacl.
Mon Oct 14 16:26:20 2024 - INFO  - A total of 1 use cases were executed, with 1 successes and 0 failures.
Mon Oct 14 16:26:21 2024 - INFO  - start to run testcase:oe_test_acl_setfacl.
Mon Oct 14 16:26:30 2024 - INFO  - The case exit by code 0.
Mon Oct 14 16:26:30 2024 - INFO  - End to run testcase:oe_test_acl_setfacl.
Mon Oct 14 16:26:30 2024 - INFO  - A total of 1 use cases were executed, with 1 successes and 0 failures.
Mon Oct 14 16:26:31 2024 - INFO  - start to run testcase:oe_test_service_acpid.
Mon Oct 14 16:27:16 2024 - ERROR - The case exit by code 1.
Mon Oct 14 16:27:16 2024 - INFO  - End to run testcase:oe_test_service_acpid.
Mon Oct 14 16:27:17 2024 - INFO  - A total of 1 use cases were executed, with 0 successes and 1 failures.
Mon Oct 14 16:27:17 2024 - INFO  - start to run testcase:oe_test_socket_acpid.
Mon Oct 14 16:28:02 2024 - ERROR - The case exit by code 1.
Mon Oct 14 16:28:03 2024 - INFO  - End to run testcase:oe_test_socket_acpid.
Mon Oct 14 16:28:03 2024 - INFO  - A total of 1 use cases were executed, with 0 successes and 1 failures.
Mon Oct 14 16:28:04 2024 - INFO  - start to run testcase:oe_test_acpid_01.
Mon Oct 14 16:28:39 2024 - INFO  - The case exit by code 0.
Mon Oct 14 16:28:39 2024 - INFO  - End to run testcase:oe_test_acpid_01.
Mon Oct 14 16:28:39 2024 - INFO  - A total of 1 use cases were executed, with 1 successes and 0 failures.
Mon Oct 14 16:28:40 2024 - INFO  - start to run testcase:oe_test_acpid_02.
Mon Oct 14 16:29:15 2024 - INFO  - The case exit by code 0.
Mon Oct 14 16:29:15 2024 - INFO  - End to run testcase:oe_test_acpid_02.
Mon Oct 14 16:29:15 2024 - INFO  - A total of 1 use cases were executed, with 1 successes and 0 failures.
Mon Oct 14 16:29:16 2024 - INFO  - start to run testcase:oe_test_acpid_03.
Mon Oct 14 16:29:42 2024 - INFO  - The case exit by code 0.
Mon Oct 14 16:29:43 2024 - INFO  - End to run testcase:oe_test_acpid_03.
Mon Oct 14 16:29:43 2024 - INFO  - A total of 1 use cases were executed, with 1 successes and 0 failures.
Mon Oct 14 16:29:44 2024 - INFO  - start to run testcase:oe_test_service_amanda-udp.
Mon Oct 14 16:30:33 2024 - INFO  - The case exit by code 0.
Mon Oct 14 16:30:33 2024 - INFO  - End to run testcase:oe_test_service_amanda-udp.
Mon Oct 14 16:30:33 2024 - INFO  - A total of 1 use cases were executed, with 1 successes and 0 failures.
Mon Oct 14 16:30:34 2024 - INFO  - start to run testcase:oe_test_socket_amanda.
Mon Oct 14 16:31:25 2024 - INFO  - The case exit by code 0.
Mon Oct 14 16:31:26 2024 - INFO  - End to run testcase:oe_test_socket_amanda.
Mon Oct 14 16:31:26 2024 - INFO  - A total of 1 use cases were executed, with 1 successes and 0 failures.
Mon Oct 14 16:31:26 2024 - INFO  - start to run testcase:oe_test_socket_amanda-udp.
Mon Oct 14 16:32:17 2024 - INFO  - The case exit by code 0.
Mon Oct 14 16:32:17 2024 - INFO  - End to run testcase:oe_test_socket_amanda-udp.
Mon Oct 14 16:32:17 2024 - INFO  - A total of 1 use cases were executed, with 1 successes and 0 failures.
Mon Oct 14 16:32:18 2024 - INFO  - start to run testcase:oe_test_socket_kamanda.
Mon Oct 14 16:33:08 2024 - INFO  - The case exit by code 0.
Mon Oct 14 16:33:09 2024 - INFO  - End to run testcase:oe_test_socket_kamanda.
Mon Oct 14 16:33:09 2024 - INFO  - A total of 1 use cases were executed, with 1 successes and 0 failures.
Mon Oct 14 16:33:09 2024 - INFO  - start to run testcase:oe_test_service_anaconda-direct.
Mon Oct 14 16:33:59 2024 - INFO  - The case exit by code 0.
Mon Oct 14 16:33:59 2024 - INFO  - End to run testcase:oe_test_service_anaconda-direct.
Mon Oct 14 16:33:59 2024 - INFO  - A total of 1 use cases were executed, with 1 successes and 0 failures.
Mon Oct 14 16:34:00 2024 - INFO  - start to run testcase:oe_test_service_anaconda-nm-config.
Mon Oct 14 16:34:47 2024 - INFO  - The case exit by code 0.
Mon Oct 14 16:34:48 2024 - INFO  - End to run testcase:oe_test_service_anaconda-nm-config.
Mon Oct 14 16:34:48 2024 - INFO  - A total of 1 use cases were executed, with 1 successes and 0 failures.
Mon Oct 14 16:34:48 2024 - INFO  - start to run testcase:oe_test_service_anaconda-noshell.
Mon Oct 14 16:35:36 2024 - INFO  - The case exit by code 0.
Mon Oct 14 16:35:37 2024 - INFO  - End to run testcase:oe_test_service_anaconda-noshell.
Mon Oct 14 16:35:37 2024 - INFO  - A total of 1 use cases were executed, with 1 successes and 0 failures.
Mon Oct 14 16:35:37 2024 - INFO  - start to run testcase:oe_test_service_anaconda-pre.
Mon Oct 14 16:36:26 2024 - INFO  - The case exit by code 0.
Mon Oct 14 16:36:26 2024 - INFO  - End to run testcase:oe_test_service_anaconda-pre.
Mon Oct 14 16:36:26 2024 - INFO  - A total of 1 use cases were executed, with 1 successes and 0 failures.
Mon Oct 14 16:36:27 2024 - INFO  - start to run testcase:oe_test_service_anaconda.
Mon Oct 14 16:37:15 2024 - INFO  - The case exit by code 0.
Mon Oct 14 16:37:15 2024 - INFO  - End to run testcase:oe_test_service_anaconda.
Mon Oct 14 16:37:15 2024 - INFO  - A total of 1 use cases were executed, with 1 successes and 0 failures.
Mon Oct 14 16:37:16 2024 - INFO  - start to run testcase:oe_test_service_anaconda-sshd.
Mon Oct 14 16:38:04 2024 - INFO  - The case exit by code 0.
Mon Oct 14 16:38:04 2024 - INFO  - End to run testcase:oe_test_service_anaconda-sshd.
Mon Oct 14 16:38:04 2024 - INFO  - A total of 1 use cases were executed, with 1 successes and 0 failures.
Mon Oct 14 16:38:05 2024 - INFO  - start to run testcase:oe_test_service_instperf.
Mon Oct 14 16:38:52 2024 - INFO  - The case exit by code 0.
Mon Oct 14 16:38:53 2024 - INFO  - End to run testcase:oe_test_service_instperf.
Mon Oct 14 16:38:53 2024 - INFO  - A total of 1 use cases were executed, with 1 successes and 0 failures.
Mon Oct 14 16:38:53 2024 - INFO  - start to run testcase:oe_test_service_zram.
Mon Oct 14 16:39:59 2024 - ERROR - The case exit by code 7.
Mon Oct 14 16:39:59 2024 - INFO  - End to run testcase:oe_test_service_zram.
Mon Oct 14 16:39:59 2024 - INFO  - A total of 1 use cases were executed, with 0 successes and 1 failures.
Mon Oct 14 16:40:00 2024 - INFO  - start to run testcase:oe_test_target_anaconda.
Mon Oct 14 16:40:47 2024 - INFO  - The case exit by code 0.
Mon Oct 14 16:40:48 2024 - INFO  - End to run testcase:oe_test_target_anaconda.
Mon Oct 14 16:40:48 2024 - INFO  - A total of 1 use cases were executed, with 1 successes and 0 failures.
Mon Oct 14 16:40:49 2024 - INFO  - start to run testcase:oe_test_service_arptables.
Mon Oct 14 16:41:34 2024 - INFO  - The case exit by code 0.
Mon Oct 14 16:41:35 2024 - INFO  - End to run testcase:oe_test_service_arptables.
Mon Oct 14 16:41:35 2024 - INFO  - A total of 1 use cases were executed, with 1 successes and 0 failures.
Mon Oct 14 16:41:35 2024 - INFO  - start to run testcase:oe_test_service_arpwatch.
Mon Oct 14 16:43:25 2024 - INFO  - The case exit by code 0.
Mon Oct 14 16:43:25 2024 - INFO  - End to run testcase:oe_test_service_arpwatch.
Mon Oct 14 16:43:25 2024 - INFO  - A total of 1 use cases were executed, with 1 successes and 0 failures.
Mon Oct 14 16:43:26 2024 - INFO  - start to run testcase:oe_test_attr.
Mon Oct 14 16:43:30 2024 - INFO  - The case exit by code 0.
Mon Oct 14 16:43:30 2024 - INFO  - End to run testcase:oe_test_attr.
Mon Oct 14 16:43:30 2024 - INFO  - A total of 1 use cases were executed, with 1 successes and 0 failures.
Mon Oct 14 16:43:31 2024 - INFO  - start to run testcase:oe_test_audit_monitor_file_access.
Mon Oct 14 16:43:37 2024 - INFO  - The case exit by code 0.
Mon Oct 14 16:43:38 2024 - INFO  - End to run testcase:oe_test_audit_monitor_file_access.
Mon Oct 14 16:43:38 2024 - INFO  - A total of 1 use cases were executed, with 1 successes and 0 failures.
Mon Oct 14 16:43:39 2024 - INFO  - start to run testcase:oe_test_audit_monitor_dictionary_access.
Mon Oct 14 16:43:46 2024 - INFO  - The case exit by code 0.
Mon Oct 14 16:43:46 2024 - INFO  - End to run testcase:oe_test_audit_monitor_dictionary_access.
Mon Oct 14 16:43:46 2024 - INFO  - A total of 1 use cases were executed, with 1 successes and 0 failures.
Mon Oct 14 16:43:47 2024 - INFO  - start to run testcase:oe_test_audit_monitor_system_use.
Mon Oct 14 16:43:55 2024 - ERROR - The case exit by code 3.
Mon Oct 14 16:43:55 2024 - INFO  - End to run testcase:oe_test_audit_monitor_system_use.
Mon Oct 14 16:43:56 2024 - INFO  - A total of 1 use cases were executed, with 0 successes and 1 failures.
Mon Oct 14 16:43:56 2024 - INFO  - start to run testcase:oe_test_audit_monitor_do_command.
Mon Oct 14 16:44:04 2024 - ERROR - The case exit by code 3.
Mon Oct 14 16:44:04 2024 - INFO  - End to run testcase:oe_test_audit_monitor_do_command.
Mon Oct 14 16:44:05 2024 - INFO  - A total of 1 use cases were executed, with 0 successes and 1 failures.
Mon Oct 14 16:44:05 2024 - INFO  - start to run testcase:oe_test_audit_monitor_security_event.
Mon Oct 14 16:44:27 2024 - INFO  - The case exit by code 0.
Mon Oct 14 16:44:28 2024 - INFO  - End to run testcase:oe_test_audit_monitor_security_event.
Mon Oct 14 16:44:28 2024 - INFO  - A total of 1 use cases were executed, with 1 successes and 0 failures.
Mon Oct 14 16:44:29 2024 - INFO  - start to run testcase:oe_test_audit_monitor_network_visit.
Mon Oct 14 16:44:35 2024 - INFO  - The case exit by code 0.
Mon Oct 14 16:44:35 2024 - INFO  - End to run testcase:oe_test_audit_monitor_network_visit.
Mon Oct 14 16:44:36 2024 - INFO  - A total of 1 use cases were executed, with 1 successes and 0 failures.
Mon Oct 14 16:44:36 2024 - INFO  - start to run testcase:oe_test_audit_track_designated_access.
Mon Oct 14 16:44:43 2024 - INFO  - The case exit by code 0.
Mon Oct 14 16:44:44 2024 - INFO  - End to run testcase:oe_test_audit_track_designated_access.
Mon Oct 14 16:44:44 2024 - INFO  - A total of 1 use cases were executed, with 1 successes and 0 failures.
Mon Oct 14 16:44:45 2024 - INFO  - start to run testcase:oe_test_audit_use_d_audit.
Mon Oct 14 16:44:51 2024 - ERROR - The case exit by code 3.
Mon Oct 14 16:44:52 2024 - INFO  - End to run testcase:oe_test_audit_use_d_audit.
Mon Oct 14 16:44:52 2024 - INFO  - A total of 1 use cases were executed, with 0 successes and 1 failures.
Mon Oct 14 16:44:52 2024 - INFO  - start to run testcase:oe_test_audit_use_w_audit.
Mon Oct 14 16:44:58 2024 - INFO  - The case exit by code 0.
Mon Oct 14 16:44:58 2024 - INFO  - End to run testcase:oe_test_audit_use_w_audit.
Mon Oct 14 16:44:59 2024 - INFO  - A total of 1 use cases were executed, with 1 successes and 0 failures.
Mon Oct 14 16:44:59 2024 - INFO  - start to run testcase:oe_test_audit_rule_contact_strategy.
Mon Oct 14 16:45:05 2024 - INFO  - The case exit by code 0.
Mon Oct 14 16:45:06 2024 - INFO  - End to run testcase:oe_test_audit_rule_contact_strategy.
Mon Oct 14 16:45:06 2024 - INFO  - A total of 1 use cases were executed, with 1 successes and 0 failures.
Mon Oct 14 16:45:07 2024 - INFO  - start to run testcase:oe_test_audit_rule_conflict_strategy.
Mon Oct 14 16:45:15 2024 - ERROR - The case exit by code 2.
Mon Oct 14 16:45:15 2024 - INFO  - End to run testcase:oe_test_audit_rule_conflict_strategy.
Mon Oct 14 16:45:15 2024 - INFO  - A total of 1 use cases were executed, with 0 successes and 1 failures.
Mon Oct 14 16:45:16 2024 - INFO  - start to run testcase:oe_test_audit_rule_fetch_from_rule.
Mon Oct 14 16:45:22 2024 - INFO  - The case exit by code 0.
Mon Oct 14 16:45:22 2024 - INFO  - End to run testcase:oe_test_audit_rule_fetch_from_rule.
Mon Oct 14 16:45:22 2024 - INFO  - A total of 1 use cases were executed, with 1 successes and 0 failures.
Mon Oct 14 16:45:23 2024 - INFO  - start to run testcase:oe_test_audit_fetch_file_in_order.
Mon Oct 14 16:45:52 2024 - ERROR - The case exit by code 2.
Mon Oct 14 16:45:53 2024 - INFO  - End to run testcase:oe_test_audit_fetch_file_in_order.
Mon Oct 14 16:45:53 2024 - INFO  - A total of 1 use cases were executed, with 0 successes and 1 failures.
Mon Oct 14 16:45:54 2024 - INFO  - start to run testcase:oe_test_audit_count_time.
Mon Oct 14 16:46:00 2024 - INFO  - The case exit by code 0.
Mon Oct 14 16:46:00 2024 - INFO  - End to run testcase:oe_test_audit_count_time.
Mon Oct 14 16:46:00 2024 - INFO  - A total of 1 use cases were executed, with 1 successes and 0 failures.
Mon Oct 14 16:46:01 2024 - INFO  - start to run testcase:oe_test_audit_count_number_of_event.
Mon Oct 14 16:46:07 2024 - INFO  - The case exit by code 0.
Mon Oct 14 16:46:07 2024 - INFO  - End to run testcase:oe_test_audit_count_number_of_event.
Mon Oct 14 16:46:07 2024 - INFO  - A total of 1 use cases were executed, with 1 successes and 0 failures.
Mon Oct 14 16:46:08 2024 - INFO  - start to run testcase:oe_test_audit_show_event_list.
Mon Oct 14 16:46:14 2024 - INFO  - The case exit by code 0.
Mon Oct 14 16:46:14 2024 - INFO  - End to run testcase:oe_test_audit_show_event_list.
Mon Oct 14 16:46:14 2024 - INFO  - A total of 1 use cases were executed, with 1 successes and 0 failures.
Mon Oct 14 16:46:15 2024 - INFO  - start to run testcase:oe_test_audit_user_build_connection.
Mon Oct 14 16:47:35 2024 - ERROR - The case exit by code 2.
Mon Oct 14 16:47:35 2024 - INFO  - End to run testcase:oe_test_audit_user_build_connection.
Mon Oct 14 16:47:35 2024 - INFO  - A total of 1 use cases were executed, with 0 successes and 1 failures.
Mon Oct 14 16:47:36 2024 - INFO  - start to run testcase:oe_test_audit_max_log_file_rotate.
Mon Oct 14 16:47:59 2024 - INFO  - The case exit by code 0.
Mon Oct 14 16:48:00 2024 - INFO  - End to run testcase:oe_test_audit_max_log_file_rotate.
Mon Oct 14 16:48:00 2024 - INFO  - A total of 1 use cases were executed, with 1 successes and 0 failures.
Mon Oct 14 16:48:00 2024 - INFO  - start to run testcase:oe_test_audit_max_log_file_ignore.
Mon Oct 14 16:48:17 2024 - INFO  - The case exit by code 0.
Mon Oct 14 16:48:17 2024 - INFO  - End to run testcase:oe_test_audit_max_log_file_ignore.
Mon Oct 14 16:48:17 2024 - INFO  - A total of 1 use cases were executed, with 1 successes and 0 failures.
Mon Oct 14 16:48:18 2024 - INFO  - start to run testcase:oe_test_audit_max_log_file_syslog.
Mon Oct 14 16:48:34 2024 - ERROR - The case exit by code 1.
Mon Oct 14 16:48:34 2024 - INFO  - End to run testcase:oe_test_audit_max_log_file_syslog.
Mon Oct 14 16:48:34 2024 - INFO  - A total of 1 use cases were executed, with 0 successes and 1 failures.
Mon Oct 14 16:48:35 2024 - INFO  - start to run testcase:oe_test_audit_max_log_file_suspend.
Mon Oct 14 16:48:56 2024 - INFO  - The case exit by code 0.
Mon Oct 14 16:48:56 2024 - INFO  - End to run testcase:oe_test_audit_max_log_file_suspend.
Mon Oct 14 16:48:57 2024 - INFO  - A total of 1 use cases were executed, with 1 successes and 0 failures.
Mon Oct 14 16:48:57 2024 - INFO  - start to run testcase:oe_test_audit_max_log_file_keep_logs.
Mon Oct 14 16:49:51 2024 - INFO  - The case exit by code 0.
Mon Oct 14 16:49:51 2024 - INFO  - End to run testcase:oe_test_audit_max_log_file_keep_logs.
Mon Oct 14 16:49:51 2024 - INFO  - A total of 1 use cases were executed, with 1 successes and 0 failures.
Mon Oct 14 16:49:52 2024 - INFO  - start to run testcase:oe_test_audit_available_disk_space.
Mon Oct 14 16:52:23 2024 - INFO  - The case exit by code 0.
Mon Oct 14 16:52:24 2024 - INFO  - End to run testcase:oe_test_audit_available_disk_space.
Mon Oct 14 16:52:24 2024 - INFO  - A total of 1 use cases were executed, with 1 successes and 0 failures.
Mon Oct 14 16:52:25 2024 - INFO  - start to run testcase:oe_test_inject_time_fault.
Mon Oct 14 16:55:05 2024 - ERROR - The case exit by code 2.
Mon Oct 14 16:55:05 2024 - INFO  - End to run testcase:oe_test_inject_time_fault.
Mon Oct 14 16:55:05 2024 - INFO  - A total of 1 use cases were executed, with 0 successes and 1 failures.
Mon Oct 14 16:55:06 2024 - INFO  - start to run testcase:oe_test_service_auditd.
Mon Oct 14 16:55:37 2024 - ERROR - The case exit by code 2.
Mon Oct 14 16:55:37 2024 - INFO  - End to run testcase:oe_test_service_auditd.
Mon Oct 14 16:55:38 2024 - INFO  - A total of 1 use cases were executed, with 0 successes and 1 failures.
Mon Oct 14 16:55:38 2024 - INFO  - start to run testcase:oe_test_audit_event_log.
Mon Oct 14 16:55:47 2024 - INFO  - The case exit by code 0.
Mon Oct 14 16:55:47 2024 - INFO  - End to run testcase:oe_test_audit_event_log.
Mon Oct 14 16:55:47 2024 - INFO  - A total of 1 use cases were executed, with 1 successes and 0 failures.
Mon Oct 14 16:55:48 2024 - INFO  - start to run testcase:oe_test_audit_other.
Mon Oct 14 16:55:55 2024 - INFO  - The case exit by code 0.
Mon Oct 14 16:55:55 2024 - INFO  - End to run testcase:oe_test_audit_other.
Mon Oct 14 16:55:55 2024 - INFO  - A total of 1 use cases were executed, with 1 successes and 0 failures.
Mon Oct 14 16:55:56 2024 - INFO  - start to run testcase:oe_test_start_audit.
Mon Oct 14 16:56:01 2024 - INFO  - The case exit by code 0.
Mon Oct 14 16:56:01 2024 - INFO  - End to run testcase:oe_test_start_audit.
Mon Oct 14 16:56:02 2024 - INFO  - A total of 1 use cases were executed, with 1 successes and 0 failures.
Mon Oct 14 16:56:02 2024 - INFO  - start to run testcase:oe_test_socket_auth.
Mon Oct 14 16:56:48 2024 - INFO  - The case exit by code 0.
Mon Oct 14 16:56:48 2024 - INFO  - End to run testcase:oe_test_socket_auth.
Mon Oct 14 16:56:48 2024 - INFO  - A total of 1 use cases were executed, with 1 successes and 0 failures.
Mon Oct 14 16:56:49 2024 - INFO  - start to run testcase:oe_test_service_authz.
Mon Oct 14 16:57:33 2024 - INFO  - The case exit by code 0.
Mon Oct 14 16:57:33 2024 - INFO  - End to run testcase:oe_test_service_authz.
Mon Oct 14 16:57:33 2024 - INFO  - A total of 1 use cases were executed, with 1 successes and 0 failures.
Mon Oct 14 16:57:34 2024 - INFO  - start to run testcase:oe_test_service_avahi-daemon.
Mon Oct 14 16:58:03 2024 - ERROR - The case exit by code 1.
Mon Oct 14 16:58:03 2024 - INFO  - End to run testcase:oe_test_service_avahi-daemon.
Mon Oct 14 16:58:03 2024 - INFO  - A total of 1 use cases were executed, with 0 successes and 1 failures.
Mon Oct 14 16:58:04 2024 - INFO  - start to run testcase:oe_test_service_avahi-dnsconfd.
Mon Oct 14 16:58:49 2024 - INFO  - The case exit by code 0.
Mon Oct 14 16:58:49 2024 - INFO  - End to run testcase:oe_test_service_avahi-dnsconfd.
Mon Oct 14 16:58:49 2024 - INFO  - A total of 1 use cases were executed, with 1 successes and 0 failures.
Mon Oct 14 16:58:50 2024 - INFO  - start to run testcase:oe_test_socket_avahi-daemon.
Mon Oct 14 16:59:17 2024 - ERROR - The case exit by code 1.
Mon Oct 14 16:59:17 2024 - INFO  - End to run testcase:oe_test_socket_avahi-daemon.
Mon Oct 14 16:59:17 2024 - INFO  - A total of 1 use cases were executed, with 0 successes and 1 failures.
Mon Oct 14 16:59:18 2024 - INFO  - start to run testcase:oe_test_service_named-chroot-setup.
Mon Oct 14 17:00:14 2024 - INFO  - The case exit by code 0.
Mon Oct 14 17:00:14 2024 - INFO  - End to run testcase:oe_test_service_named-chroot-setup.
Mon Oct 14 17:00:14 2024 - INFO  - A total of 1 use cases were executed, with 1 successes and 0 failures.
Mon Oct 14 17:00:15 2024 - INFO  - start to run testcase:oe_test_service_named-chroot.
Mon Oct 14 17:01:24 2024 - INFO  - The case exit by code 0.
Mon Oct 14 17:01:24 2024 - INFO  - End to run testcase:oe_test_service_named-chroot.
Mon Oct 14 17:01:24 2024 - INFO  - A total of 1 use cases were executed, with 1 successes and 0 failures.
Mon Oct 14 17:01:25 2024 - INFO  - start to run testcase:oe_test_service_named-setup-rndc.
Mon Oct 14 17:02:01 2024 - INFO  - The case exit by code 0.
Mon Oct 14 17:02:02 2024 - INFO  - End to run testcase:oe_test_service_named-setup-rndc.
Mon Oct 14 17:02:02 2024 - INFO  - A total of 1 use cases were executed, with 1 successes and 0 failures.
Mon Oct 14 17:02:02 2024 - INFO  - start to run testcase:oe_test_service_named.
Mon Oct 14 17:03:09 2024 - INFO  - The case exit by code 0.
Mon Oct 14 17:03:09 2024 - INFO  - End to run testcase:oe_test_service_named.
Mon Oct 14 17:03:09 2024 - INFO  - A total of 1 use cases were executed, with 1 successes and 0 failures.
Mon Oct 14 17:03:10 2024 - INFO  - start to run testcase:oe_test_service_bluetooth-mesh.
Mon Oct 14 17:03:32 2024 - ERROR - The case exit by code 7.
Mon Oct 14 17:03:32 2024 - INFO  - End to run testcase:oe_test_service_bluetooth-mesh.
Mon Oct 14 17:03:32 2024 - INFO  - A total of 1 use cases were executed, with 0 successes and 1 failures.
Mon Oct 14 17:03:33 2024 - INFO  - start to run testcase:oe_test_service_bluetooth.
Mon Oct 14 17:03:55 2024 - ERROR - The case exit by code 7.
Mon Oct 14 17:03:55 2024 - INFO  - End to run testcase:oe_test_service_bluetooth.
Mon Oct 14 17:03:56 2024 - INFO  - A total of 1 use cases were executed, with 0 successes and 1 failures.
Mon Oct 14 17:03:56 2024 - INFO  - start to run testcase:oe_test_service_bolt.
Mon Oct 14 17:04:40 2024 - INFO  - The case exit by code 0.
Mon Oct 14 17:04:40 2024 - INFO  - End to run testcase:oe_test_service_bolt.
Mon Oct 14 17:04:40 2024 - INFO  - A total of 1 use cases were executed, with 1 successes and 0 failures.
Mon Oct 14 17:04:41 2024 - INFO  - start to run testcase:oe_test_service_brltty.
Mon Oct 14 17:05:28 2024 - INFO  - The case exit by code 0.
Mon Oct 14 17:05:28 2024 - INFO  - End to run testcase:oe_test_service_brltty.
Mon Oct 14 17:05:29 2024 - INFO  - A total of 1 use cases were executed, with 1 successes and 0 failures.
Mon Oct 14 17:05:29 2024 - INFO  - start to run testcase:oe_test_byacc_byacc_01.
Mon Oct 14 17:05:54 2024 - INFO  - The case exit by code 0.
Mon Oct 14 17:05:54 2024 - INFO  - End to run testcase:oe_test_byacc_byacc_01.
Mon Oct 14 17:05:54 2024 - INFO  - A total of 1 use cases were executed, with 1 successes and 0 failures.
Mon Oct 14 17:05:55 2024 - INFO  - start to run testcase:oe_test_byacc_byacc_02.
Mon Oct 14 17:06:20 2024 - INFO  - The case exit by code 0.
Mon Oct 14 17:06:20 2024 - INFO  - End to run testcase:oe_test_byacc_byacc_02.
Mon Oct 14 17:06:20 2024 - INFO  - A total of 1 use cases were executed, with 1 successes and 0 failures.
Mon Oct 14 17:06:21 2024 - INFO  - start to run testcase:oe_test_byacc_yacc_01.
Mon Oct 14 17:06:45 2024 - INFO  - The case exit by code 0.
Mon Oct 14 17:06:46 2024 - INFO  - End to run testcase:oe_test_byacc_yacc_01.
Mon Oct 14 17:06:46 2024 - INFO  - A total of 1 use cases were executed, with 1 successes and 0 failures.
Mon Oct 14 17:06:46 2024 - INFO  - start to run testcase:oe_test_byacc_yacc_02.
Mon Oct 14 17:07:11 2024 - INFO  - The case exit by code 0.
Mon Oct 14 17:07:11 2024 - INFO  - End to run testcase:oe_test_byacc_yacc_02.
Mon Oct 14 17:07:11 2024 - INFO  - A total of 1 use cases were executed, with 1 successes and 0 failures.
Mon Oct 14 17:07:12 2024 - INFO  - start to run testcase:oe_test_service_cachefilesd.
Mon Oct 14 17:07:59 2024 - ERROR - The case exit by code 4.
Mon Oct 14 17:07:59 2024 - INFO  - End to run testcase:oe_test_service_cachefilesd.
Mon Oct 14 17:07:59 2024 - INFO  - A total of 1 use cases were executed, with 0 successes and 1 failures.
Mon Oct 14 17:08:00 2024 - INFO  - start to run testcase:oe_test_service_cgdcbxd.
Mon Oct 14 17:08:45 2024 - INFO  - The case exit by code 0.
Mon Oct 14 17:08:46 2024 - INFO  - End to run testcase:oe_test_service_cgdcbxd.
Mon Oct 14 17:08:46 2024 - INFO  - A total of 1 use cases were executed, with 1 successes and 0 failures.
Mon Oct 14 17:08:47 2024 - INFO  - start to run testcase:oe_test_service_chronyd.
Mon Oct 14 17:09:09 2024 - ERROR - The case exit by code 1.
Mon Oct 14 17:09:09 2024 - INFO  - End to run testcase:oe_test_service_chronyd.
Mon Oct 14 17:09:09 2024 - INFO  - A total of 1 use cases were executed, with 0 successes and 1 failures.
Mon Oct 14 17:09:10 2024 - INFO  - start to run testcase:oe_test_service_chrony-wait.
Mon Oct 14 17:09:32 2024 - INFO  - The case exit by code 0.
Mon Oct 14 17:09:32 2024 - INFO  - End to run testcase:oe_test_service_chrony-wait.
Mon Oct 14 17:09:32 2024 - INFO  - A total of 1 use cases were executed, with 1 successes and 0 failures.
Mon Oct 14 17:09:33 2024 - INFO  - start to run testcase:oe_test_service_clevis-luks-askpass.
Mon Oct 14 17:10:03 2024 - ERROR - The case exit by code 1.
Mon Oct 14 17:10:04 2024 - INFO  - End to run testcase:oe_test_service_clevis-luks-askpass.
Mon Oct 14 17:10:04 2024 - INFO  - A total of 1 use cases were executed, with 0 successes and 1 failures.
Mon Oct 14 17:10:05 2024 - INFO  - start to run testcase:oe_test_install_clevis.
Mon Oct 14 17:10:55 2024 - ERROR - The case exit by code 2.
Mon Oct 14 17:10:55 2024 - INFO  - End to run testcase:oe_test_install_clevis.
Mon Oct 14 17:10:56 2024 - INFO  - A total of 1 use cases were executed, with 0 successes and 1 failures.
Mon Oct 14 17:10:56 2024 - INFO  - start to run testcase:oe_test_tang_encrypt.
Mon Oct 14 17:11:44 2024 - ERROR - The case exit by code 1.
Mon Oct 14 17:11:44 2024 - INFO  - End to run testcase:oe_test_tang_encrypt.
Mon Oct 14 17:11:44 2024 - INFO  - A total of 1 use cases were executed, with 0 successes and 1 failures.
Mon Oct 14 17:11:45 2024 - INFO  - start to run testcase:oe_test_tang_nbde.
Mon Oct 14 17:12:28 2024 - INFO  - The case exit by code 0.
Mon Oct 14 17:12:28 2024 - INFO  - End to run testcase:oe_test_tang_nbde.
Mon Oct 14 17:12:29 2024 - INFO  - A total of 1 use cases were executed, with 1 successes and 0 failures.
Mon Oct 14 17:12:29 2024 - INFO  - start to run testcase:oe_test_service_cloud-config.
Mon Oct 14 17:13:51 2024 - ERROR - The case exit by code 1.
Mon Oct 14 17:13:51 2024 - INFO  - End to run testcase:oe_test_service_cloud-config.
Mon Oct 14 17:13:51 2024 - INFO  - A total of 1 use cases were executed, with 0 successes and 1 failures.
Mon Oct 14 17:13:52 2024 - INFO  - start to run testcase:oe_test_service_cloud-final.
Mon Oct 14 17:14:28 2024 - ERROR - The case exit by code 7.
Mon Oct 14 17:14:28 2024 - INFO  - End to run testcase:oe_test_service_cloud-final.
Mon Oct 14 17:14:29 2024 - INFO  - A total of 1 use cases were executed, with 0 successes and 1 failures.
Mon Oct 14 17:14:29 2024 - INFO  - start to run testcase:oe_test_service_cloud-init-local.
Mon Oct 14 17:15:04 2024 - ERROR - The case exit by code 7.
Mon Oct 14 17:15:04 2024 - INFO  - End to run testcase:oe_test_service_cloud-init-local.
Mon Oct 14 17:15:04 2024 - INFO  - A total of 1 use cases were executed, with 0 successes and 1 failures.
Mon Oct 14 17:15:05 2024 - INFO  - start to run testcase:oe_test_service_cloud-init.
Mon Oct 14 17:15:39 2024 - ERROR - The case exit by code 7.
Mon Oct 14 17:15:40 2024 - INFO  - End to run testcase:oe_test_service_cloud-init.
Mon Oct 14 17:15:40 2024 - INFO  - A total of 1 use cases were executed, with 0 successes and 1 failures.
Mon Oct 14 17:15:40 2024 - INFO  - start to run testcase:oe_test_target_cloud-config.
Mon Oct 14 17:15:57 2024 - INFO  - The case exit by code 0.
Mon Oct 14 17:15:57 2024 - INFO  - End to run testcase:oe_test_target_cloud-config.
Mon Oct 14 17:15:57 2024 - INFO  - A total of 1 use cases were executed, with 1 successes and 0 failures.
Mon Oct 14 17:15:58 2024 - INFO  - start to run testcase:oe_test_target_cloud-init.
Mon Oct 14 17:16:14 2024 - INFO  - The case exit by code 0.
Mon Oct 14 17:16:14 2024 - INFO  - End to run testcase:oe_test_target_cloud-init.
Mon Oct 14 17:16:14 2024 - INFO  - A total of 1 use cases were executed, with 1 successes and 0 failures.
Mon Oct 14 17:16:15 2024 - INFO  - start to run testcase:oe_test_ccmake.
Mon Oct 14 17:18:26 2024 - ERROR - The case exit by code 6.
Mon Oct 14 17:18:26 2024 - INFO  - End to run testcase:oe_test_ccmake.
Mon Oct 14 17:18:26 2024 - INFO  - A total of 1 use cases were executed, with 0 successes and 1 failures.
Mon Oct 14 17:18:27 2024 - INFO  - start to run testcase:oe_test_ccmake3.
Mon Oct 14 17:20:29 2024 - ERROR - The case exit by code 6.
Mon Oct 14 17:20:29 2024 - INFO  - End to run testcase:oe_test_ccmake3.
Mon Oct 14 17:20:30 2024 - INFO  - A total of 1 use cases were executed, with 0 successes and 1 failures.
Mon Oct 14 17:20:30 2024 - INFO  - start to run testcase:oe_test_cmake.
Mon Oct 14 17:20:54 2024 - INFO  - The case exit by code 0.
Mon Oct 14 17:20:54 2024 - INFO  - End to run testcase:oe_test_cmake.
Mon Oct 14 17:20:55 2024 - INFO  - A total of 1 use cases were executed, with 1 successes and 0 failures.
Mon Oct 14 17:20:55 2024 - INFO  - start to run testcase:oe_test_cmake3.
Mon Oct 14 17:21:19 2024 - INFO  - The case exit by code 0.
Mon Oct 14 17:21:19 2024 - INFO  - End to run testcase:oe_test_cmake3.
Mon Oct 14 17:21:20 2024 - INFO  - A total of 1 use cases were executed, with 1 successes and 0 failures.
Mon Oct 14 17:21:20 2024 - INFO  - start to run testcase:oe_test_cpack.
Mon Oct 14 17:21:37 2024 - INFO  - The case exit by code 0.
Mon Oct 14 17:21:37 2024 - INFO  - End to run testcase:oe_test_cpack.
Mon Oct 14 17:21:37 2024 - INFO  - A total of 1 use cases were executed, with 1 successes and 0 failures.
Mon Oct 14 17:21:38 2024 - INFO  - start to run testcase:oe_test_cpack3.
Mon Oct 14 17:21:54 2024 - INFO  - The case exit by code 0.
Mon Oct 14 17:21:54 2024 - INFO  - End to run testcase:oe_test_cpack3.
Mon Oct 14 17:21:54 2024 - INFO  - A total of 1 use cases were executed, with 1 successes and 0 failures.
Mon Oct 14 17:21:55 2024 - INFO  - start to run testcase:oe_test_ctest.
Mon Oct 14 17:22:07 2024 - INFO  - The case exit by code 0.
Mon Oct 14 17:22:08 2024 - INFO  - End to run testcase:oe_test_ctest.
Mon Oct 14 17:22:08 2024 - INFO  - A total of 1 use cases were executed, with 1 successes and 0 failures.
Mon Oct 14 17:22:09 2024 - INFO  - start to run testcase:oe_test_ctest3.
Mon Oct 14 17:22:21 2024 - INFO  - The case exit by code 0.
Mon Oct 14 17:22:21 2024 - INFO  - End to run testcase:oe_test_ctest3.
Mon Oct 14 17:22:21 2024 - INFO  - A total of 1 use cases were executed, with 1 successes and 0 failures.
Mon Oct 14 17:22:22 2024 - INFO  - start to run testcase:oe_test_service_cockpit-motd.
Mon Oct 14 17:22:40 2024 - INFO  - The case exit by code 0.
Mon Oct 14 17:22:40 2024 - INFO  - End to run testcase:oe_test_service_cockpit-motd.
Mon Oct 14 17:22:40 2024 - INFO  - A total of 1 use cases were executed, with 1 successes and 0 failures.
Mon Oct 14 17:22:41 2024 - INFO  - start to run testcase:oe_test_service_cockpit.
Mon Oct 14 17:23:17 2024 - ERROR - The case exit by code 7.
Mon Oct 14 17:23:17 2024 - INFO  - End to run testcase:oe_test_service_cockpit.
Mon Oct 14 17:23:17 2024 - INFO  - A total of 1 use cases were executed, with 0 successes and 1 failures.
Mon Oct 14 17:23:18 2024 - INFO  - start to run testcase:oe_test_socket_cockpit.
Mon Oct 14 17:23:53 2024 - ERROR - The case exit by code 8.
Mon Oct 14 17:23:54 2024 - INFO  - End to run testcase:oe_test_socket_cockpit.
Mon Oct 14 17:23:54 2024 - INFO  - A total of 1 use cases were executed, with 0 successes and 1 failures.
Mon Oct 14 17:23:55 2024 - INFO  - start to run testcase:oe_test_service_colord.
Mon Oct 14 17:24:30 2024 - ERROR - The case exit by code 7.
Mon Oct 14 17:24:31 2024 - INFO  - End to run testcase:oe_test_service_colord.
Mon Oct 14 17:24:31 2024 - INFO  - A total of 1 use cases were executed, with 0 successes and 1 failures.
Mon Oct 14 17:24:32 2024 - INFO  - start to run testcase:oe_test_cpio.
Mon Oct 14 17:24:47 2024 - INFO  - The case exit by code 0.
Mon Oct 14 17:24:47 2024 - INFO  - End to run testcase:oe_test_cpio.
Mon Oct 14 17:24:48 2024 - INFO  - A total of 1 use cases were executed, with 1 successes and 0 failures.
Mon Oct 14 17:24:48 2024 - INFO  - start to run testcase:oe_test_cracklib.
Mon Oct 14 17:25:12 2024 - INFO  - The case exit by code 0.
Mon Oct 14 17:25:12 2024 - INFO  - End to run testcase:oe_test_cracklib.
Mon Oct 14 17:25:13 2024 - INFO  - A total of 1 use cases were executed, with 1 successes and 0 failures.
Mon Oct 14 17:25:13 2024 - INFO  - start to run testcase:oe_test_service_crond.
Mon Oct 14 17:25:38 2024 - ERROR - The case exit by code 1.
Mon Oct 14 17:25:38 2024 - INFO  - End to run testcase:oe_test_service_crond.
Mon Oct 14 17:25:38 2024 - INFO  - A total of 1 use cases were executed, with 0 successes and 1 failures.
Mon Oct 14 17:25:39 2024 - INFO  - start to run testcase:oe_test_cronie.
